Failed to get/create test user: error: column "first_name" does not exist
    at /app/node_modules/pg-pool/index.js:45:11
    at process.processTicksAndRejections (node:internal/process/task_queues:95:5)
    at async file:///app/node_modules/drizzle-orm/node-postgres/session.js:83:22
    at async DatabaseStorage.getUser (file:///app/dist/index.js:286:20)
    at async isAuthenticatedFallback (file:///app/dist/index.js:623:16) {
  length: 172,
  severity: 'ERROR',
  code: '42703',
  detail: undefined,
  hint: 'Perhaps you meant to reference the column "users.firstName".',
  position: '23',
  internalPosition: undefined,
  internalQuery: undefined,
  where: undefined,
  schema: undefined,
  table: undefined,
  column: undefined,
  dataType: undefined,
  constraint: undefined,
  file: 'parse_relation.c',
  line: '3723',
  routine: 'errorMissingColumn'
}
7:19:09 PM [express] GET /api/auth/user 500 in 48ms :: {"message":"Auth initialization failed"}
7:19:11 PM [express] GET /api/login 302 in 3ms
}
7:19:12 PM [express] GET /api/auth/user 500 in 35ms :: {"message":"Auth initialization failed"}
[DB] Successfully connected to database
Failed to get/create test user: error: column "first_name" does not exist
    at /app/node_modules/pg-pool/index.js:45:11
    at process.processTicksAndRejections (node:internal/process/task_queues:95:5)
    at async file:///app/node_modules/drizzle-orm/node-postgres/session.js:83:22
    at async DatabaseStorage.getUser (file:///app/dist/index.js:286:20)
    at async isAuthenticatedFallback (file:///app/dist/index.js:623:16) {
  length: 172,
  severity: 'ERROR',
  schema: undefined,
  code: '42703',
  table: undefined,
  column: undefined,
  dataType: undefined,
  detail: undefined,
  constraint: undefined,
  hint: 'Perhaps you meant to reference the column "users.firstName".',
  position: '23',
  file: 'parse_relation.c',
  internalPosition: undefined,
  line: '3723',
  internalQuery: undefined,
  where: undefined,
  routine: 'errorMissingColumn'


gym_buddy | Railway